

Version:	3.50
CmdLine:	C:\Users\andre\IdeaProjects\desktop-finance\installer\desktop-finance-nsis.exe --l4j-debug
JNI:		No
WOW64:		Yes
Working dir:	C:\Users\andre\IdeaProjects\desktop-finance\installer\.
Requires JDK:	Yes
Requires 64-Bit: No
Java min ver:	1.021.000_001
Java max ver:	
Substitute:	JAVA_HOME = C:\Program Files\Zulu\zulu-11\
Substitute:	PATH = C:\Program Files\Java\jdk-21.0.1\bin;C:\Program Files\Zulu\zulu-11\bin\;C:\Windows\system32;C:\Windows;C:\Windows\System32\Wbem;C:\Windows\System32\WindowsPowerShell\v1.0\;C:\Windows\System32\OpenSSH\;C:\Program Files (x86)\NVIDIA Corporation\PhysX\Common;C:\Program Files\NVIDIA Corporation\NVIDIA NvDLISR;C:\Program Files\dotnet\;C:\Program Files\Zulu\zulu-11\\bin;C:\Program Files\Ant\apache-ant-1.10.11\bin;C:\Program Files\Microsoft SQL Server\130\Tools\Binn\;C:\Program Files\Microsoft SQL Server\Client SDK\ODBC\170\Tools\Binn\;C:\Program Files\Docker\Docker\resources\bin;C:\ProgramData\DockerDesktop\version-bin;C:\Program Files\Calibre2\;C:\Program Files\Git\cmd;C:\Program Files\MySQL\MySQL Shell 8.0\bin\;C:\Users\andre\AppData\Local\Microsoft\WindowsApps;;C:\Users\andre\AppData\Local\Programs\Microsoft VS Code\bin;C:\Program Files\JetBrains\IntelliJ IDEA Community Edition 2023.1.2\bin;;C:\Users\andre\.dotnet\tools;C:\Program Files (x86)\sfdx\bin;C:\Program Files\Zulu\zulu-11\\bin
JRE paths:	C:\Program Files\Zulu\zulu-11\;C:\Program Files\Java\jdk-21.0.1\bin;C:\Program Files\Zulu\zulu-11\bin\;C:\Windows\system32;C:\Windows;C:\Windows\System32\Wbem;C:\Windows\System32\WindowsPowerShell\v1.0\;C:\Windows\System32\OpenSSH\;C:\Program Files (x86)\NVIDIA Corporation\PhysX\Common;C:\Program Files\NVIDIA Corporation\NVIDIA NvDLISR;C:\Program Files\dotnet\;C:\Program Files\Zulu\zulu-11\\bin;C:\Program Files\Ant\apache-ant-1.10.11\bin;C:\Program Files\Microsoft SQL Server\130\Tools\Binn\;C:\Program Files\Microsoft SQL Server\Client SDK\ODBC\170\Tools\Binn\;C:\Program Files\Docker\Docker\resources\bin;C:\ProgramData\DockerDesktop\version-bin;C:\Program Files\Calibre2\;C:\Program Files\Git\cmd;C:\Program Files\MySQL\MySQL Shell 8.0\bin\;C:\Users\andre\AppData\Local\Microsoft\WindowsApps;;C:\Users\andre\AppData\Local\Programs\Microsoft VS Code\bin;C:\Program Files\JetBrains\IntelliJ IDEA Community Edition 2023.1.2\bin;;C:\Users\andre\.dotnet\tools;C:\Program Files (x86)\sfdx\bin;C:\Program Files\Zulu\zulu-11\\bin
Check launcher:	C:\Program Files\Zulu\zulu-11\bin\javaw.exe (OK)
Check javac:	C:\Program Files\Zulu\zulu-11\bin\javac.exe (OK)
Version string: 1.011.000_022 / 64-Bit (Ignore)
Check launcher:	C:\Program Files\Java\jdk-21.0.1\bin\javaw.exe (OK)
Check javac:	C:\Program Files\Java\jdk-21.0.1\bin\javac.exe (OK)
Version string: 1.021.000_001 / 64-Bit (OK)
Main class:	com.andrewhun.finance.App
Add classpath:	javafx-base-21.0.1-linux.jar
Add classpath:	javafx-controls-21.0.1-linux.jar
Add classpath:	javafx-graphics-21.0.1.jar
Add classpath:	javafx-graphics-21.0.1-linux.jar
Add classpath:	javafx-base-21.0.1.jar
Launcher:	C:\Program Files\Java\jdk-21.0.1\bin\javaw.exe
Launcher args:	--module-path "C:\Program Files\Java\javafx-jmods-21.0.2" --add-modules javafx.base,javafx.controls,javafx.graphics,java.desktop,jdk.jfr,java.xml,jdk.unsupported -classpath "C:\Users\andre\IdeaProjects\desktop-finance\installer\desktop-finance-nsis.exe;javafx-base-21.0.1-linux.jar;javafx-controls-21.0.1-linux.jar;javafx-graphics-21.0.1.jar;javafx-graphics-21.0.1-linux.jar;javafx-base-21.0.1.jar" com.andrewhun.finance.App
Args length:	424/32768 chars
Exit code:	0
